  addAndBuy.c
c:\users\ziv3r\onedrive\שולחן העבודה\ראיון עבודה\פרויקטי סיום\finalpro\finalpro\addandbuy.c(21): warning C4047: 'function': 'time_t *const ' differs in levels of indirection from 'time_t **'
c:\users\ziv3r\onedrive\שולחן העבודה\ראיון עבודה\פרויקטי סיום\finalpro\finalpro\addandbuy.c(21): warning C4024: 'time': different types for formal and actual parameter 1
c:\users\ziv3r\onedrive\שולחן העבודה\ראיון עבודה\פרויקטי סיום\finalpro\finalpro\addandbuy.c(22): warning C4047: 'function': 'const time_t *const ' differs in levels of indirection from 'time_t **'
c:\users\ziv3r\onedrive\שולחן העבודה\ראיון עבודה\פרויקטי סיום\finalpro\finalpro\addandbuy.c(22): warning C4024: 'localtime': different types for formal and actual parameter 1
  getAndDelete.c
  mainsFunction.c
c:\users\ziv3r\onedrive\שולחן העבודה\ראיון עבודה\פרויקטי סיום\finalpro\finalpro\mainsfunction.c(130): warning C4267: '=': conversion from 'size_t' to 'short', possible loss of data
c:\users\ziv3r\onedrive\שולחן העבודה\ראיון עבודה\פרויקטי סיום\finalpro\finalpro\mainsfunction.c(283): warning C4267: '=': conversion from 'size_t' to 'int', possible loss of data
c:\users\ziv3r\onedrive\שולחן העבודה\ראיון עבודה\פרויקטי סיום\finalpro\finalpro\mainsfunction.c(297): warning C4133: 'function': incompatible types - from 'short *' to 'int *'
c:\users\ziv3r\onedrive\שולחן העבודה\ראיון עבודה\פרויקטי סיום\finalpro\finalpro\mainsfunction.c(369): warning C4101: 'ch': unreferenced local variable
c:\users\ziv3r\onedrive\שולחן העבודה\ראיון עבודה\פרויקטי סיום\finalpro\finalpro\mainsfunction.c(432): warning C4133: 'function': incompatible types - from 'ListCmd *' to 'List *'
c:\users\ziv3r\onedrive\שולחן העבודה\ראיון עבודה\פרויקטי סיום\finalpro\finalpro\mainsfunction.c(489): warning C4101: 'i': unreferenced local variable
c:\users\ziv3r\onedrive\שולחן העבודה\ראיון עבודה\פרויקטי סיום\finalpro\finalpro\mainsfunction.c(516): warning C4101: 'i': unreferenced local variable
  storageFunctions.c
c:\users\ziv3r\onedrive\שולחן העבודה\ראיון עבודה\פרויקטי סיום\finalpro\finalpro\storagefunctions.c(48): warning C4101: 'saveLocation': unreferenced local variable
c:\users\ziv3r\onedrive\שולחן העבודה\ראיון עבודה\פרויקטי סיום\finalpro\finalpro\storagefunctions.c(47): warning C4101: 'numCommand': unreferenced local variable
c:\users\ziv3r\onedrive\שולחן העבודה\ראיון עבודה\פרויקטי סיום\finalpro\finalpro\storagefunctions.c(162): warning C4267: '=': conversion from 'size_t' to 'int', possible loss of data
c:\users\ziv3r\onedrive\שולחן העבודה\ראיון עבודה\פרויקטי סיום\finalpro\finalpro\storagefunctions.c(158): warning C4267: 'initializing': conversion from 'size_t' to 'int', possible loss of data
  projectEnd.c
c:\users\ziv3r\onedrive\שולחן העבודה\ראיון עבודה\פרויקטי סיום\finalpro\finalpro\projectend.c(7): warning C4101: 'saveStr': unreferenced local variable
c:\users\ziv3r\onedrive\שולחן העבודה\ראיון עבודה\פרויקטי סיום\finalpro\finalpro\projectend.c(7): warning C4101: 'str2': unreferenced local variable
  list'sFunctions.c
c:\users\ziv3r\onedrive\שולחן העבודה\ראיון עבודה\פרויקטי סיום\finalpro\finalpro\list'sfunctions.c(117): warning C4133: '=': incompatible types - from 'ListNode *' to 'ListNodeCmd *'
c:\users\ziv3r\onedrive\שולחן העבודה\ראיון עבודה\פרויקטי סיום\finalpro\finalpro\list'sfunctions.c(127): warning C4133: '=': incompatible types - from 'ListNode *' to 'listNodeCmd *'
c:\users\ziv3r\onedrive\שולחן העבודה\ראיון עבודה\פרויקטי סיום\finalpro\finalpro\list'sfunctions.c(129): warning C4133: 'return': incompatible types - from 'ListNodeCmd *' to 'ListNode *'
c:\users\ziv3r\onedrive\שולחן העבודה\ראיון עבודה\פרויקטי סיום\finalpro\finalpro\list'sfunctions.c(171): warning C4101: 'temp': unreferenced local variable
  Generating Code...
  projectEnd.vcxproj -> C:\Users\ziv3r\OneDrive\שולחן העבודה\ראיון עבודה\פרויקטי סיום\FinalPro\FinalPro\x64\Debug\projectEnd.exe
